Error: segmentation violation
   rax 0000000000000000, rbx ffffffffffffffff, rcx ffffffffffffffff
   rdx 00000000002f770a, rsp 00007fff16eefbc8, rbp 00007fff16ef0140
   rsi 000000000000000b, rdi 00000000002f770a, r8  0000000000000020
   r9  00007fff16eef2e0, r10 00007fff16eef620, r11 0000000000000202
   r12 00007fff16ef0188, r13 0000000000000000, r14 0000000000000000
   r15 00000000000003e6
  /lib64/libpthread.so.0(+0xf5f0) [0x2b914ed8b5f0]
  /lib64/libc.so.6(kill+0x7) [0x2b914f2d0607]
  /usr/site/hpc/x86_64/glibc-2.17/broadwell/gaussian/g16_a.03/pgi-16.5/g16/l502.exe() [0x45eff9]
  /usr/site/hpc/x86_64/glibc-2.17/broadwell/gaussian/g16_a.03/pgi-16.5/g16/l502.exe() [0x47fc21]
  /usr/site/hpc/x86_64/glibc-2.17/broadwell/gaussian/g16_a.03/pgi-16.5/g16/l502.exe() [0x4f7ec1]
  /usr/site/hpc/x86_64/glibc-2.17/broadwell/gaussian/g16_a.03/pgi-16.5/g16/l502.exe() [0x4d8229]
  /usr/site/hpc/x86_64/glibc-2.17/broadwell/gaussian/g16_a.03/pgi-16.5/g16/l502.exe() [0x40fdbd]
  /usr/site/hpc/x86_64/glibc-2.17/broadwell/gaussian/g16_a.03/pgi-16.5/g16/l502.exe() [0x403330]
  /usr/site/hpc/x86_64/glibc-2.17/broadwell/gaussian/g16_a.03/pgi-16.5/g16/l502.exe() [0x40326d]
  /lib64/libc.so.6(__libc_start_main+0xf5) [0x2b914f2bc505]
  /usr/site/hpc/x86_64/glibc-2.17/broadwell/gaussian/g16_a.03/pgi-16.5/g16/l502.exe() [0x403169]
Error: segmentation violation
   rax 0000000000000000, rbx ffffffffffffffff, rcx ffffffffffffffff
   rdx 00000000002f8060, rsp 00007ffd9dc75e98, rbp 00007ffd9dc76410
   rsi 000000000000000b, rdi 00000000002f8060, r8  0000000000000020
   r9  00007ffd9dc755b0, r10 00007ffd9dc75920, r11 0000000000000202
   r12 00007ffd9dc76458, r13 0000000000000000, r14 0000000000000000
   r15 00000000000003e6
  /lib64/libpthread.so.0(+0xf5f0) [0x2b65e85965f0]
  /lib64/libc.so.6(kill+0x7) [0x2b65e8adb607]
  /usr/site/hpc/x86_64/glibc-2.17/broadwell/gaussian/g16_a.03/pgi-16.5/g16/l202.exe() [0x412b89]
  /usr/site/hpc/x86_64/glibc-2.17/broadwell/gaussian/g16_a.03/pgi-16.5/g16/l202.exe() [0x428521]
  /usr/site/hpc/x86_64/glibc-2.17/broadwell/gaussian/g16_a.03/pgi-16.5/g16/l202.exe() [0x445061]
  /usr/site/hpc/x86_64/glibc-2.17/broadwell/gaussian/g16_a.03/pgi-16.5/g16/l202.exe() [0x43b1a9]
  /usr/site/hpc/x86_64/glibc-2.17/broadwell/gaussian/g16_a.03/pgi-16.5/g16/l202.exe() [0x4f0e0a]
  /usr/site/hpc/x86_64/glibc-2.17/broadwell/gaussian/g16_a.03/pgi-16.5/g16/l202.exe() [0x4b131d]
  /usr/site/hpc/x86_64/glibc-2.17/broadwell/gaussian/g16_a.03/pgi-16.5/g16/l202.exe() [0x468768]
  /usr/site/hpc/x86_64/glibc-2.17/broadwell/gaussian/g16_a.03/pgi-16.5/g16/l202.exe() [0x405596]
  /usr/site/hpc/x86_64/glibc-2.17/broadwell/gaussian/g16_a.03/pgi-16.5/g16/l202.exe() [0x403330]
  /usr/site/hpc/x86_64/glibc-2.17/broadwell/gaussian/g16_a.03/pgi-16.5/g16/l202.exe() [0x40326d]
  /lib64/libc.so.6(__libc_start_main+0xf5) [0x2b65e8ac7505]
  /usr/site/hpc/x86_64/glibc-2.17/broadwell/gaussian/g16_a.03/pgi-16.5/g16/l202.exe() [0x403169]
Error: segmentation violation
   rax 0000000000000000, rbx ffffffffffffffff, rcx ffffffffffffffff
   rdx 00000000002f808c, rsp 00007ffe5a0bec38, rbp 00007ffe5a0bf1b0
   rsi 000000000000000b, rdi 00000000002f808c, r8  0000000000000020
   r9  00007ffe5a0be350, r10 00007ffe5a0be6a0, r11 0000000000000202
   r12 00007ffe5a0bf1f8, r13 0000000000000000, r14 0000000000000000
   r15 00000000000003e6
  /lib64/libpthread.so.0(+0xf5f0) [0x2aee8fa8b5f0]
  /lib64/libc.so.6(kill+0x7) [0x2aee8ffd0607]
  /usr/site/hpc/x86_64/glibc-2.17/broadwell/gaussian/g16_a.03/pgi-16.5/g16/l202.exe() [0x412b89]
  /usr/site/hpc/x86_64/glibc-2.17/broadwell/gaussian/g16_a.03/pgi-16.5/g16/l202.exe() [0x428521]
  /usr/site/hpc/x86_64/glibc-2.17/broadwell/gaussian/g16_a.03/pgi-16.5/g16/l202.exe() [0x445061]
  /usr/site/hpc/x86_64/glibc-2.17/broadwell/gaussian/g16_a.03/pgi-16.5/g16/l202.exe() [0x43b1a9]
  /usr/site/hpc/x86_64/glibc-2.17/broadwell/gaussian/g16_a.03/pgi-16.5/g16/l202.exe() [0x4f0e0a]
  /usr/site/hpc/x86_64/glibc-2.17/broadwell/gaussian/g16_a.03/pgi-16.5/g16/l202.exe() [0x4b131d]
  /usr/site/hpc/x86_64/glibc-2.17/broadwell/gaussian/g16_a.03/pgi-16.5/g16/l202.exe() [0x468768]
  /usr/site/hpc/x86_64/glibc-2.17/broadwell/gaussian/g16_a.03/pgi-16.5/g16/l202.exe() [0x405596]
  /usr/site/hpc/x86_64/glibc-2.17/broadwell/gaussian/g16_a.03/pgi-16.5/g16/l202.exe() [0x403330]
  /usr/site/hpc/x86_64/glibc-2.17/broadwell/gaussian/g16_a.03/pgi-16.5/g16/l202.exe() [0x40326d]
  /lib64/libc.so.6(__libc_start_main+0xf5) [0x2aee8ffbc505]
  /usr/site/hpc/x86_64/glibc-2.17/broadwell/gaussian/g16_a.03/pgi-16.5/g16/l202.exe() [0x403169]
Error: segmentation violation
   rax 0000000000000000, rbx ffffffffffffffff, rcx ffffffffffffffff
   rdx 00000000002f80ba, rsp 00007ffe2155fa98, rbp 00007ffe21560010
   rsi 000000000000000b, rdi 00000000002f80ba, r8  0000000000000020
   r9  00007ffe2155f1b0, r10 00007ffe2155f520, r11 0000000000000202
   r12 00007ffe21560058, r13 0000000000000000, r14 0000000000000000
   r15 00000000000003e6
  /lib64/libpthread.so.0(+0xf5f0) [0x2b2934de95f0]
  /lib64/libc.so.6(kill+0x7) [0x2b293532e607]
  /usr/site/hpc/x86_64/glibc-2.17/broadwell/gaussian/g16_a.03/pgi-16.5/g16/l202.exe() [0x412b89]
  /usr/site/hpc/x86_64/glibc-2.17/broadwell/gaussian/g16_a.03/pgi-16.5/g16/l202.exe() [0x428521]
  /usr/site/hpc/x86_64/glibc-2.17/broadwell/gaussian/g16_a.03/pgi-16.5/g16/l202.exe() [0x445061]
  /usr/site/hpc/x86_64/glibc-2.17/broadwell/gaussian/g16_a.03/pgi-16.5/g16/l202.exe() [0x43b1a9]
  /usr/site/hpc/x86_64/glibc-2.17/broadwell/gaussian/g16_a.03/pgi-16.5/g16/l202.exe() [0x4f0e0a]
  /usr/site/hpc/x86_64/glibc-2.17/broadwell/gaussian/g16_a.03/pgi-16.5/g16/l202.exe() [0x4b131d]
  /usr/site/hpc/x86_64/glibc-2.17/broadwell/gaussian/g16_a.03/pgi-16.5/g16/l202.exe() [0x468768]
  /usr/site/hpc/x86_64/glibc-2.17/broadwell/gaussian/g16_a.03/pgi-16.5/g16/l202.exe() [0x405596]
  /usr/site/hpc/x86_64/glibc-2.17/broadwell/gaussian/g16_a.03/pgi-16.5/g16/l202.exe() [0x403330]
  /usr/site/hpc/x86_64/glibc-2.17/broadwell/gaussian/g16_a.03/pgi-16.5/g16/l202.exe() [0x40326d]
  /lib64/libc.so.6(__libc_start_main+0xf5) [0x2b293531a505]
  /usr/site/hpc/x86_64/glibc-2.17/broadwell/gaussian/g16_a.03/pgi-16.5/g16/l202.exe() [0x403169]
Error: segmentation violation
   rax 0000000000000000, rbx ffffffffffffffff, rcx ffffffffffffffff
   rdx 00000000002fa255, rsp 00007ffcc60420d8, rbp 00007ffcc6042650
   rsi 000000000000000b, rdi 00000000002fa255, r8  0000000000000020
   r9  00007ffcc60417f0, r10 00007ffcc6041b60, r11 0000000000000206
   r12 00007ffcc6042698, r13 0000000000000000, r14 0000000000000000
   r15 00000000000003e6
  /lib64/libpthread.so.0(+0xf5f0) [0x2b1a814775f0]
  /lib64/libc.so.6(kill+0x7) [0x2b1a819bc607]
  /usr/site/hpc/x86_64/glibc-2.17/broadwell/gaussian/g16_a.03/pgi-16.5/g16/l202.exe() [0x412b89]
  /usr/site/hpc/x86_64/glibc-2.17/broadwell/gaussian/g16_a.03/pgi-16.5/g16/l202.exe() [0x428521]
  /usr/site/hpc/x86_64/glibc-2.17/broadwell/gaussian/g16_a.03/pgi-16.5/g16/l202.exe() [0x445061]
  /usr/site/hpc/x86_64/glibc-2.17/broadwell/gaussian/g16_a.03/pgi-16.5/g16/l202.exe() [0x43b1a9]
  /usr/site/hpc/x86_64/glibc-2.17/broadwell/gaussian/g16_a.03/pgi-16.5/g16/l202.exe() [0x4f0e0a]
  /usr/site/hpc/x86_64/glibc-2.17/broadwell/gaussian/g16_a.03/pgi-16.5/g16/l202.exe() [0x4b131d]
  /usr/site/hpc/x86_64/glibc-2.17/broadwell/gaussian/g16_a.03/pgi-16.5/g16/l202.exe() [0x468768]
  /usr/site/hpc/x86_64/glibc-2.17/broadwell/gaussian/g16_a.03/pgi-16.5/g16/l202.exe() [0x405596]
  /usr/site/hpc/x86_64/glibc-2.17/broadwell/gaussian/g16_a.03/pgi-16.5/g16/l202.exe() [0x403330]
  /usr/site/hpc/x86_64/glibc-2.17/broadwell/gaussian/g16_a.03/pgi-16.5/g16/l202.exe() [0x40326d]
  /lib64/libc.so.6(__libc_start_main+0xf5) [0x2b1a819a8505]
  /usr/site/hpc/x86_64/glibc-2.17/broadwell/gaussian/g16_a.03/pgi-16.5/g16/l202.exe() [0x403169]
Error: segmentation violation
   rax 0000000000000000, rbx ffffffffffffffff, rcx ffffffffffffffff
   rdx 00000000002fa284, rsp 00007ffd083957a8, rbp 00007ffd08395d20
   rsi 000000000000000b, rdi 00000000002fa284, r8  0000000000000020
   r9  00007ffd08394ec0, r10 00007ffd08395220, r11 0000000000000202
   r12 00007ffd08395d68, r13 0000000000000000, r14 0000000000000000
   r15 00000000000003e6
  /lib64/libpthread.so.0(+0xf5f0) [0x2add563445f0]
  /lib64/libc.so.6(kill+0x7) [0x2add56889607]
  /usr/site/hpc/x86_64/glibc-2.17/broadwell/gaussian/g16_a.03/pgi-16.5/g16/l202.exe() [0x412b89]
  /usr/site/hpc/x86_64/glibc-2.17/broadwell/gaussian/g16_a.03/pgi-16.5/g16/l202.exe() [0x428521]
  /usr/site/hpc/x86_64/glibc-2.17/broadwell/gaussian/g16_a.03/pgi-16.5/g16/l202.exe() [0x445061]
  /usr/site/hpc/x86_64/glibc-2.17/broadwell/gaussian/g16_a.03/pgi-16.5/g16/l202.exe() [0x43b1a9]
  /usr/site/hpc/x86_64/glibc-2.17/broadwell/gaussian/g16_a.03/pgi-16.5/g16/l202.exe() [0x4f0e0a]
  /usr/site/hpc/x86_64/glibc-2.17/broadwell/gaussian/g16_a.03/pgi-16.5/g16/l202.exe() [0x4b131d]
  /usr/site/hpc/x86_64/glibc-2.17/broadwell/gaussian/g16_a.03/pgi-16.5/g16/l202.exe() [0x468768]
  /usr/site/hpc/x86_64/glibc-2.17/broadwell/gaussian/g16_a.03/pgi-16.5/g16/l202.exe() [0x405596]
  /usr/site/hpc/x86_64/glibc-2.17/broadwell/gaussian/g16_a.03/pgi-16.5/g16/l202.exe() [0x403330]
  /usr/site/hpc/x86_64/glibc-2.17/broadwell/gaussian/g16_a.03/pgi-16.5/g16/l202.exe() [0x40326d]
  /lib64/libc.so.6(__libc_start_main+0xf5) [0x2add56875505]
  /usr/site/hpc/x86_64/glibc-2.17/broadwell/gaussian/g16_a.03/pgi-16.5/g16/l202.exe() [0x403169]
Error: segmentation violation
   rax 0000000000000000, rbx ffffffffffffffff, rcx ffffffffffffffff
   rdx 00000000002fa2b6, rsp 00007ffc3398e018, rbp 00007ffc3398e590
   rsi 000000000000000b, rdi 00000000002fa2b6, r8  0000000000000020
   r9  00007ffc3398d730, r10 00007ffc3398daa0, r11 0000000000000206
   r12 00007ffc3398e5d8, r13 0000000000000000, r14 0000000000000000
   r15 00000000000003e6
  /lib64/libpthread.so.0(+0xf5f0) [0x2ad917b2b5f0]
  /lib64/libc.so.6(kill+0x7) [0x2ad918070607]
  /usr/site/hpc/x86_64/glibc-2.17/broadwell/gaussian/g16_a.03/pgi-16.5/g16/l202.exe() [0x412b89]
  /usr/site/hpc/x86_64/glibc-2.17/broadwell/gaussian/g16_a.03/pgi-16.5/g16/l202.exe() [0x428521]
  /usr/site/hpc/x86_64/glibc-2.17/broadwell/gaussian/g16_a.03/pgi-16.5/g16/l202.exe() [0x445061]
  /usr/site/hpc/x86_64/glibc-2.17/broadwell/gaussian/g16_a.03/pgi-16.5/g16/l202.exe() [0x43b1a9]
  /usr/site/hpc/x86_64/glibc-2.17/broadwell/gaussian/g16_a.03/pgi-16.5/g16/l202.exe() [0x4f0e0a]
  /usr/site/hpc/x86_64/glibc-2.17/broadwell/gaussian/g16_a.03/pgi-16.5/g16/l202.exe() [0x4b131d]
  /usr/site/hpc/x86_64/glibc-2.17/broadwell/gaussian/g16_a.03/pgi-16.5/g16/l202.exe() [0x468768]
  /usr/site/hpc/x86_64/glibc-2.17/broadwell/gaussian/g16_a.03/pgi-16.5/g16/l202.exe() [0x405596]
  /usr/site/hpc/x86_64/glibc-2.17/broadwell/gaussian/g16_a.03/pgi-16.5/g16/l202.exe() [0x403330]
  /usr/site/hpc/x86_64/glibc-2.17/broadwell/gaussian/g16_a.03/pgi-16.5/g16/l202.exe() [0x40326d]
  /lib64/libc.so.6(__libc_start_main+0xf5) [0x2ad91805c505]
  /usr/site/hpc/x86_64/glibc-2.17/broadwell/gaussian/g16_a.03/pgi-16.5/g16/l202.exe() [0x403169]
Error: segmentation violation
   rax 0000000000000000, rbx ffffffffffffffff, rcx ffffffffffffffff
   rdx 00000000002fca7d, rsp 00007ffc9947a268, rbp 00007ffc9947a7e0
   rsi 000000000000000b, rdi 00000000002fca7d, r8  0000000000000020
   r9  00007ffc99479980, r10 00007ffc99479ce0, r11 0000000000000202
   r12 00007ffc9947a828, r13 0000000000000000, r14 0000000000000000
   r15 00000000000003e6
  /lib64/libpthread.so.0(+0xf5f0) [0x2b13d90445f0]
  /lib64/libc.so.6(kill+0x7) [0x2b13d9589607]
  /usr/site/hpc/x86_64/glibc-2.17/broadwell/gaussian/g16_a.03/pgi-16.5/g16/l202.exe() [0x412b89]
  /usr/site/hpc/x86_64/glibc-2.17/broadwell/gaussian/g16_a.03/pgi-16.5/g16/l202.exe() [0x428521]
  /usr/site/hpc/x86_64/glibc-2.17/broadwell/gaussian/g16_a.03/pgi-16.5/g16/l202.exe() [0x445061]
  /usr/site/hpc/x86_64/glibc-2.17/broadwell/gaussian/g16_a.03/pgi-16.5/g16/l202.exe() [0x43b1a9]
  /usr/site/hpc/x86_64/glibc-2.17/broadwell/gaussian/g16_a.03/pgi-16.5/g16/l202.exe() [0x4f0e0a]
  /usr/site/hpc/x86_64/glibc-2.17/broadwell/gaussian/g16_a.03/pgi-16.5/g16/l202.exe() [0x4b131d]
  /usr/site/hpc/x86_64/glibc-2.17/broadwell/gaussian/g16_a.03/pgi-16.5/g16/l202.exe() [0x468768]
  /usr/site/hpc/x86_64/glibc-2.17/broadwell/gaussian/g16_a.03/pgi-16.5/g16/l202.exe() [0x405596]
  /usr/site/hpc/x86_64/glibc-2.17/broadwell/gaussian/g16_a.03/pgi-16.5/g16/l202.exe() [0x403330]
  /usr/site/hpc/x86_64/glibc-2.17/broadwell/gaussian/g16_a.03/pgi-16.5/g16/l202.exe() [0x40326d]
  /lib64/libc.so.6(__libc_start_main+0xf5) [0x2b13d9575505]
  /usr/site/hpc/x86_64/glibc-2.17/broadwell/gaussian/g16_a.03/pgi-16.5/g16/l202.exe() [0x403169]
Error: segmentation violation
   rax 0000000000000000, rbx ffffffffffffffff, rcx ffffffffffffffff
   rdx 00000000002fcaae, rsp 00007fffd4670938, rbp 00007fffd4670eb0
   rsi 000000000000000b, rdi 00000000002fcaae, r8  0000000000000020
   r9  00007fffd4670050, r10 00007fffd46703a0, r11 0000000000000202
   r12 00007fffd4670ef8, r13 0000000000000000, r14 0000000000000000
   r15 00000000000003e6
  /lib64/libpthread.so.0(+0xf5f0) [0x2adf778e05f0]
  /lib64/libc.so.6(kill+0x7) [0x2adf77e25607]
  /usr/site/hpc/x86_64/glibc-2.17/broadwell/gaussian/g16_a.03/pgi-16.5/g16/l202.exe() [0x412b89]
  /usr/site/hpc/x86_64/glibc-2.17/broadwell/gaussian/g16_a.03/pgi-16.5/g16/l202.exe() [0x428521]
  /usr/site/hpc/x86_64/glibc-2.17/broadwell/gaussian/g16_a.03/pgi-16.5/g16/l202.exe() [0x445061]
  /usr/site/hpc/x86_64/glibc-2.17/broadwell/gaussian/g16_a.03/pgi-16.5/g16/l202.exe() [0x43b1a9]
  /usr/site/hpc/x86_64/glibc-2.17/broadwell/gaussian/g16_a.03/pgi-16.5/g16/l202.exe() [0x4f0e0a]
  /usr/site/hpc/x86_64/glibc-2.17/broadwell/gaussian/g16_a.03/pgi-16.5/g16/l202.exe() [0x4b131d]
  /usr/site/hpc/x86_64/glibc-2.17/broadwell/gaussian/g16_a.03/pgi-16.5/g16/l202.exe() [0x468768]
  /usr/site/hpc/x86_64/glibc-2.17/broadwell/gaussian/g16_a.03/pgi-16.5/g16/l202.exe() [0x405596]
  /usr/site/hpc/x86_64/glibc-2.17/broadwell/gaussian/g16_a.03/pgi-16.5/g16/l202.exe() [0x403330]
  /usr/site/hpc/x86_64/glibc-2.17/broadwell/gaussian/g16_a.03/pgi-16.5/g16/l202.exe() [0x40326d]
  /lib64/libc.so.6(__libc_start_main+0xf5) [0x2adf77e11505]
  /usr/site/hpc/x86_64/glibc-2.17/broadwell/gaussian/g16_a.03/pgi-16.5/g16/l202.exe() [0x403169]
Error: segmentation violation
   rax 0000000000000000, rbx ffffffffffffffff, rcx ffffffffffffffff
   rdx 00000000002fcade, rsp 00007ffc14eccc88, rbp 00007ffc14ecd200
   rsi 000000000000000b, rdi 00000000002fcade, r8  0000000000000020
   r9  00007ffc14ecc3a0, r10 00007ffc14ecc6e0, r11 0000000000000206
   r12 00007ffc14ecd248, r13 0000000000000000, r14 0000000000000000
   r15 00000000000003e6
  /lib64/libpthread.so.0(+0xf5f0) [0x2b8b4ef0f5f0]
  /lib64/libc.so.6(kill+0x7) [0x2b8b4f454607]
  /usr/site/hpc/x86_64/glibc-2.17/broadwell/gaussian/g16_a.03/pgi-16.5/g16/l202.exe() [0x412b89]
  /usr/site/hpc/x86_64/glibc-2.17/broadwell/gaussian/g16_a.03/pgi-16.5/g16/l202.exe() [0x428521]
  /usr/site/hpc/x86_64/glibc-2.17/broadwell/gaussian/g16_a.03/pgi-16.5/g16/l202.exe() [0x445061]
  /usr/site/hpc/x86_64/glibc-2.17/broadwell/gaussian/g16_a.03/pgi-16.5/g16/l202.exe() [0x43b1a9]
  /usr/site/hpc/x86_64/glibc-2.17/broadwell/gaussian/g16_a.03/pgi-16.5/g16/l202.exe() [0x4f0e0a]
  /usr/site/hpc/x86_64/glibc-2.17/broadwell/gaussian/g16_a.03/pgi-16.5/g16/l202.exe() [0x4b131d]
  /usr/site/hpc/x86_64/glibc-2.17/broadwell/gaussian/g16_a.03/pgi-16.5/g16/l202.exe() [0x468768]
  /usr/site/hpc/x86_64/glibc-2.17/broadwell/gaussian/g16_a.03/pgi-16.5/g16/l202.exe() [0x405596]
  /usr/site/hpc/x86_64/glibc-2.17/broadwell/gaussian/g16_a.03/pgi-16.5/g16/l202.exe() [0x403330]
  /usr/site/hpc/x86_64/glibc-2.17/broadwell/gaussian/g16_a.03/pgi-16.5/g16/l202.exe() [0x40326d]
  /lib64/libc.so.6(__libc_start_main+0xf5) [0x2b8b4f440505]
  /usr/site/hpc/x86_64/glibc-2.17/broadwell/gaussian/g16_a.03/pgi-16.5/g16/l202.exe() [0x403169]
Error: segmentation violation
   rax 0000000000000000, rbx ffffffffffffffff, rcx ffffffffffffffff
   rdx 0000000000053198, rsp 00007ffc7c7c4868, rbp 00007ffc7c7c4de0
   rsi 000000000000000b, rdi 0000000000053198, r8  0000000000000020
   r9  00007ffc7c7c3f80, r10 00007ffc7c7c42e0, r11 0000000000000202
   r12 00007ffc7c7c4e28, r13 0000000000000000, r14 0000000000000000
   r15 00000000000003e6
  /lib64/libpthread.so.0(+0xf5f0) [0x2ad145d715f0]
  /lib64/libc.so.6(kill+0x7) [0x2ad1462b6607]
  /usr/site/hpc/x86_64/glibc-2.17/broadwell/gaussian/g16_a.03/pgi-16.5/g16/l202.exe() [0x412b89]
  /usr/site/hpc/x86_64/glibc-2.17/broadwell/gaussian/g16_a.03/pgi-16.5/g16/l202.exe() [0x428521]
  /usr/site/hpc/x86_64/glibc-2.17/broadwell/gaussian/g16_a.03/pgi-16.5/g16/l202.exe() [0x445061]
  /usr/site/hpc/x86_64/glibc-2.17/broadwell/gaussian/g16_a.03/pgi-16.5/g16/l202.exe() [0x43b1a9]
  /usr/site/hpc/x86_64/glibc-2.17/broadwell/gaussian/g16_a.03/pgi-16.5/g16/l202.exe() [0x4f0e0a]
  /usr/site/hpc/x86_64/glibc-2.17/broadwell/gaussian/g16_a.03/pgi-16.5/g16/l202.exe() [0x4b131d]
  /usr/site/hpc/x86_64/glibc-2.17/broadwell/gaussian/g16_a.03/pgi-16.5/g16/l202.exe() [0x468768]
  /usr/site/hpc/x86_64/glibc-2.17/broadwell/gaussian/g16_a.03/pgi-16.5/g16/l202.exe() [0x405596]
  /usr/site/hpc/x86_64/glibc-2.17/broadwell/gaussian/g16_a.03/pgi-16.5/g16/l202.exe() [0x403330]
  /usr/site/hpc/x86_64/glibc-2.17/broadwell/gaussian/g16_a.03/pgi-16.5/g16/l202.exe() [0x40326d]
  /lib64/libc.so.6(__libc_start_main+0xf5) [0x2ad1462a2505]
  /usr/site/hpc/x86_64/glibc-2.17/broadwell/gaussian/g16_a.03/pgi-16.5/g16/l202.exe() [0x403169]
Error: segmentation violation
   rax 0000000000000000, rbx ffffffffffffffff, rcx ffffffffffffffff
   rdx 00000000000531ba, rsp 00007ffe3f48b688, rbp 00007ffe3f48bc00
   rsi 000000000000000b, rdi 00000000000531ba, r8  0000000000000020
   r9  00007ffe3f48ada0, r10 00007ffe3f48b0e0, r11 0000000000000206
   r12 00007ffe3f48bc48, r13 0000000000000000, r14 0000000000000000
   r15 00000000000003e6
  /lib64/libpthread.so.0(+0xf5f0) [0x2b36b04475f0]
  /lib64/libc.so.6(kill+0x7) [0x2b36b098c607]
  /usr/site/hpc/x86_64/glibc-2.17/broadwell/gaussian/g16_a.03/pgi-16.5/g16/l202.exe() [0x412b89]
  /usr/site/hpc/x86_64/glibc-2.17/broadwell/gaussian/g16_a.03/pgi-16.5/g16/l202.exe() [0x428521]
  /usr/site/hpc/x86_64/glibc-2.17/broadwell/gaussian/g16_a.03/pgi-16.5/g16/l202.exe() [0x445061]
  /usr/site/hpc/x86_64/glibc-2.17/broadwell/gaussian/g16_a.03/pgi-16.5/g16/l202.exe() [0x43b1a9]
  /usr/site/hpc/x86_64/glibc-2.17/broadwell/gaussian/g16_a.03/pgi-16.5/g16/l202.exe() [0x4f0e0a]
  /usr/site/hpc/x86_64/glibc-2.17/broadwell/gaussian/g16_a.03/pgi-16.5/g16/l202.exe() [0x4b131d]
  /usr/site/hpc/x86_64/glibc-2.17/broadwell/gaussian/g16_a.03/pgi-16.5/g16/l202.exe() [0x468768]
  /usr/site/hpc/x86_64/glibc-2.17/broadwell/gaussian/g16_a.03/pgi-16.5/g16/l202.exe() [0x405596]
  /usr/site/hpc/x86_64/glibc-2.17/broadwell/gaussian/g16_a.03/pgi-16.5/g16/l202.exe() [0x403330]
  /usr/site/hpc/x86_64/glibc-2.17/broadwell/gaussian/g16_a.03/pgi-16.5/g16/l202.exe() [0x40326d]
  /lib64/libc.so.6(__libc_start_main+0xf5) [0x2b36b0978505]
  /usr/site/hpc/x86_64/glibc-2.17/broadwell/gaussian/g16_a.03/pgi-16.5/g16/l202.exe() [0x403169]
Error: segmentation violation
   rax 0000000000000000, rbx ffffffffffffffff, rcx ffffffffffffffff
   rdx 00000000000533de, rsp 00007fffbdc91428, rbp 00007fffbdc919a0
   rsi 000000000000000b, rdi 00000000000533de, r8  0000000000000020
   r9  00007fffbdc90b40, r10 00007fffbdc90ea0, r11 0000000000000206
   r12 00007fffbdc919e8, r13 0000000000000000, r14 0000000000000000
   r15 00000000000003e6
  /lib64/libpthread.so.0(+0xf5f0) [0x2b42df05c5f0]
  /lib64/libc.so.6(kill+0x7) [0x2b42df5a1607]
  /usr/site/hpc/x86_64/glibc-2.17/broadwell/gaussian/g16_a.03/pgi-16.5/g16/l202.exe() [0x412b89]
  /usr/site/hpc/x86_64/glibc-2.17/broadwell/gaussian/g16_a.03/pgi-16.5/g16/l202.exe() [0x428521]
  /usr/site/hpc/x86_64/glibc-2.17/broadwell/gaussian/g16_a.03/pgi-16.5/g16/l202.exe() [0x445061]
  /usr/site/hpc/x86_64/glibc-2.17/broadwell/gaussian/g16_a.03/pgi-16.5/g16/l202.exe() [0x43b1a9]
  /usr/site/hpc/x86_64/glibc-2.17/broadwell/gaussian/g16_a.03/pgi-16.5/g16/l202.exe() [0x4f0e0a]
  /usr/site/hpc/x86_64/glibc-2.17/broadwell/gaussian/g16_a.03/pgi-16.5/g16/l202.exe() [0x4b131d]
  /usr/site/hpc/x86_64/glibc-2.17/broadwell/gaussian/g16_a.03/pgi-16.5/g16/l202.exe() [0x468768]
  /usr/site/hpc/x86_64/glibc-2.17/broadwell/gaussian/g16_a.03/pgi-16.5/g16/l202.exe() [0x405596]
  /usr/site/hpc/x86_64/glibc-2.17/broadwell/gaussian/g16_a.03/pgi-16.5/g16/l202.exe() [0x403330]
  /usr/site/hpc/x86_64/glibc-2.17/broadwell/gaussian/g16_a.03/pgi-16.5/g16/l202.exe() [0x40326d]
  /lib64/libc.so.6(__libc_start_main+0xf5) [0x2b42df58d505]
  /usr/site/hpc/x86_64/glibc-2.17/broadwell/gaussian/g16_a.03/pgi-16.5/g16/l202.exe() [0x403169]
Error: segmentation violation
   rax 0000000000000000, rbx ffffffffffffffff, rcx ffffffffffffffff
   rdx 00000000000533fb, rsp 00007ffeaed21148, rbp 00007ffeaed216c0
   rsi 000000000000000b, rdi 00000000000533fb, r8  0000000000000020
   r9  00007ffeaed20860, r10 00007ffeaed20ba0, r11 0000000000000206
   r12 00007ffeaed21708, r13 0000000000000000, r14 0000000000000000
   r15 00000000000003e6
  /lib64/libpthread.so.0(+0xf5f0) [0x2af6ebe5f5f0]
  /lib64/libc.so.6(kill+0x7) [0x2af6ec3a4607]
  /usr/site/hpc/x86_64/glibc-2.17/broadwell/gaussian/g16_a.03/pgi-16.5/g16/l202.exe() [0x412b89]
  /usr/site/hpc/x86_64/glibc-2.17/broadwell/gaussian/g16_a.03/pgi-16.5/g16/l202.exe() [0x428521]
  /usr/site/hpc/x86_64/glibc-2.17/broadwell/gaussian/g16_a.03/pgi-16.5/g16/l202.exe() [0x445061]
  /usr/site/hpc/x86_64/glibc-2.17/broadwell/gaussian/g16_a.03/pgi-16.5/g16/l202.exe() [0x43b1a9]
  /usr/site/hpc/x86_64/glibc-2.17/broadwell/gaussian/g16_a.03/pgi-16.5/g16/l202.exe() [0x4f0e0a]
  /usr/site/hpc/x86_64/glibc-2.17/broadwell/gaussian/g16_a.03/pgi-16.5/g16/l202.exe() [0x4b131d]
  /usr/site/hpc/x86_64/glibc-2.17/broadwell/gaussian/g16_a.03/pgi-16.5/g16/l202.exe() [0x468768]
  /usr/site/hpc/x86_64/glibc-2.17/broadwell/gaussian/g16_a.03/pgi-16.5/g16/l202.exe() [0x405596]
  /usr/site/hpc/x86_64/glibc-2.17/broadwell/gaussian/g16_a.03/pgi-16.5/g16/l202.exe() [0x403330]
  /usr/site/hpc/x86_64/glibc-2.17/broadwell/gaussian/g16_a.03/pgi-16.5/g16/l202.exe() [0x40326d]
  /lib64/libc.so.6(__libc_start_main+0xf5) [0x2af6ec390505]
  /usr/site/hpc/x86_64/glibc-2.17/broadwell/gaussian/g16_a.03/pgi-16.5/g16/l202.exe() [0x403169]
Error: segmentation violation
   rax 0000000000000000, rbx ffffffffffffffff, rcx ffffffffffffffff
   rdx 0000000000053640, rsp 00007fff114fe428, rbp 00007fff114fe9a0
   rsi 000000000000000b, rdi 0000000000053640, r8  0000000000000020
   r9  00007fff114fdb40, r10 00007fff114fdea0, r11 0000000000000206
   r12 00007fff114fe9e8, r13 0000000000000000, r14 0000000000000000
   r15 00000000000003e6
  /lib64/libpthread.so.0(+0xf5f0) [0x2b58d5b725f0]
  /lib64/libc.so.6(kill+0x7) [0x2b58d60b7607]
  /usr/site/hpc/x86_64/glibc-2.17/broadwell/gaussian/g16_a.03/pgi-16.5/g16/l202.exe() [0x412b89]
  /usr/site/hpc/x86_64/glibc-2.17/broadwell/gaussian/g16_a.03/pgi-16.5/g16/l202.exe() [0x428521]
  /usr/site/hpc/x86_64/glibc-2.17/broadwell/gaussian/g16_a.03/pgi-16.5/g16/l202.exe() [0x445061]
  /usr/site/hpc/x86_64/glibc-2.17/broadwell/gaussian/g16_a.03/pgi-16.5/g16/l202.exe() [0x43b1a9]
  /usr/site/hpc/x86_64/glibc-2.17/broadwell/gaussian/g16_a.03/pgi-16.5/g16/l202.exe() [0x4f0e0a]
  /usr/site/hpc/x86_64/glibc-2.17/broadwell/gaussian/g16_a.03/pgi-16.5/g16/l202.exe() [0x4b131d]
  /usr/site/hpc/x86_64/glibc-2.17/broadwell/gaussian/g16_a.03/pgi-16.5/g16/l202.exe() [0x468768]
  /usr/site/hpc/x86_64/glibc-2.17/broadwell/gaussian/g16_a.03/pgi-16.5/g16/l202.exe() [0x405596]
  /usr/site/hpc/x86_64/glibc-2.17/broadwell/gaussian/g16_a.03/pgi-16.5/g16/l202.exe() [0x403330]
  /usr/site/hpc/x86_64/glibc-2.17/broadwell/gaussian/g16_a.03/pgi-16.5/g16/l202.exe() [0x40326d]
  /lib64/libc.so.6(__libc_start_main+0xf5) [0x2b58d60a3505]
  /usr/site/hpc/x86_64/glibc-2.17/broadwell/gaussian/g16_a.03/pgi-16.5/g16/l202.exe() [0x403169]
Error: segmentation violation
   rax 0000000000000000, rbx ffffffffffffffff, rcx ffffffffffffffff
   rdx 0000000000053666, rsp 00007ffd6adf35d8, rbp 00007ffd6adf3b50
   rsi 000000000000000b, rdi 0000000000053666, r8  0000000000000020
   r9  00007ffd6adf2cf0, r10 00007ffd6adf3060, r11 0000000000000206
   r12 00007ffd6adf3b98, r13 0000000000000000, r14 0000000000000000
   r15 00000000000003e6
  /lib64/libpthread.so.0(+0xf5f0) [0x2ba6d3d7b5f0]
  /lib64/libc.so.6(kill+0x7) [0x2ba6d42c0607]
  /usr/site/hpc/x86_64/glibc-2.17/broadwell/gaussian/g16_a.03/pgi-16.5/g16/l202.exe() [0x412b89]
  /usr/site/hpc/x86_64/glibc-2.17/broadwell/gaussian/g16_a.03/pgi-16.5/g16/l202.exe() [0x428521]
  /usr/site/hpc/x86_64/glibc-2.17/broadwell/gaussian/g16_a.03/pgi-16.5/g16/l202.exe() [0x445061]
  /usr/site/hpc/x86_64/glibc-2.17/broadwell/gaussian/g16_a.03/pgi-16.5/g16/l202.exe() [0x43b1a9]
  /usr/site/hpc/x86_64/glibc-2.17/broadwell/gaussian/g16_a.03/pgi-16.5/g16/l202.exe() [0x4f0e0a]
  /usr/site/hpc/x86_64/glibc-2.17/broadwell/gaussian/g16_a.03/pgi-16.5/g16/l202.exe() [0x4b131d]
  /usr/site/hpc/x86_64/glibc-2.17/broadwell/gaussian/g16_a.03/pgi-16.5/g16/l202.exe() [0x468768]
  /usr/site/hpc/x86_64/glibc-2.17/broadwell/gaussian/g16_a.03/pgi-16.5/g16/l202.exe() [0x405596]
  /usr/site/hpc/x86_64/glibc-2.17/broadwell/gaussian/g16_a.03/pgi-16.5/g16/l202.exe() [0x403330]
  /usr/site/hpc/x86_64/glibc-2.17/broadwell/gaussian/g16_a.03/pgi-16.5/g16/l202.exe() [0x40326d]
  /lib64/libc.so.6(__libc_start_main+0xf5) [0x2ba6d42ac505]
  /usr/site/hpc/x86_64/glibc-2.17/broadwell/gaussian/g16_a.03/pgi-16.5/g16/l202.exe() [0x403169]
